01/05/2023 02:29:28 PM: INFO: *********test home page is pass************
01/05/2023 02:29:42 PM: INFO: *********test login is pass************
01/05/2023 02:30:35 PM: INFO: **************home page login is failed***************
01/05/2023 02:30:45 PM: INFO: *********test login is pass************
01/05/2023 02:38:13 PM: INFO: **************************Test_003_login_ddt test**********************
01/05/2023 02:38:33 PM: INFO: ***test pass***
01/05/2023 02:39:08 PM: INFO: ********Login ddt test passed*********
01/05/2023 02:39:10 PM: INFO: ******* End of Login DDT Test **********
01/05/2023 02:39:10 PM: INFO: **************** Completed  TC_LoginDDT_002 ************* 
01/05/2023 02:48:30 PM: INFO: *********test home page is pass************
01/05/2023 02:48:41 PM: INFO: *********test login is pass************
01/05/2023 02:54:35 PM: INFO: *********test home page is pass************
01/05/2023 02:54:44 PM: INFO: *********test login is pass************
01/06/2023 09:22:17 PM: INFO: *********test home page is pass************
01/06/2023 09:24:03 PM: INFO: *********test home page is pass************
01/06/2023 10:43:32 PM: INFO: *********test home page is pass************
01/06/2023 10:45:04 PM: INFO: **************************Test_003_login_ddt test**********************
01/06/2023 10:45:23 PM: INFO: *********test home page is pass************
01/06/2023 10:46:47 PM: INFO: *********test home page is pass************
01/06/2023 10:59:27 PM: INFO: *********test home page is pass************
01/06/2023 11:14:09 PM: INFO: *********test home page is pass************
01/06/2023 11:15:07 PM: INFO: *********test home page is pass************
